<?xml version="1.0" encoding="UTF-8"?>
<!-- Generated by org.testng.reporters.JUnitReportReporter -->
<testsuite hostname="DESKTOP-0U40CAJ" failures="0" tests="3" name="xmlStudy.MyTest" time="0.016" errors="0" timestamp="2022-06-13T11:56:11 IST" skipped="0">
  <testcase classname="xmlStudy.MyTest" name="myMethod3" time="0.001"/>
  <system-out>
    <![CDATA[my Method3 is Running]]>
  </system-out>
  <testcase classname="xmlStudy.MyTest" name="myMethod2" time="0.012"/>
  <system-out>
    <![CDATA[my Method2 is Running]]>
  </system-out>
  <testcase classname="xmlStudy.MyTest" name="myMethod5" time="0.003"/>
  <system-out>
    <![CDATA[my Method5 is Running]]>
  </system-out>
</testsuite> <!-- xmlStudy.MyTest -->
