<?xml version="1.0" encoding="UTF-8"?>
<!-- Generated by org.testng.reporters.JUnitReportReporter -->
<testsuite hostname="DESKTOP-0U40CAJ" failures="0" tests="2" name="testNgStudy.AnnotationsStudy1" time="0.012" errors="0" timestamp="2022-06-10T10:47:46 IST" skipped="0">
  <testcase classname="testNgStudy.AnnotationsStudy1" name="myTest4" time="0.010"/>
  <system-out>
    <![CDATA[Test Method1 is running]]>
  </system-out>
  <testcase classname="testNgStudy.AnnotationsStudy1" name="myTest3" time="0.002"/>
  <system-out>
    <![CDATA[Test Method is running]]>
  </system-out>
</testsuite> <!-- testNgStudy.AnnotationsStudy1 -->
