<?xml version="1.0" encoding="UTF-8"?>
<!-- Generated by org.testng.reporters.JUnitReportReporter -->
<testsuite hostname="DESKTOP-0U40CAJ" failures="0" tests="1" name="verificationUsingTestNg.VerificationVCTC" time="10.384" errors="0" timestamp="2022-06-15T19:49:40 IST" skipped="0">
  <testcase classname="verificationUsingTestNg.VerificationVCTC" name="myTC" time="10.384"/>
  <system-out>
    <![CDATA[Value is NOT Null Tc is passes]]>
  </system-out>
</testsuite> <!-- verificationUsingTestNg.VerificationVCTC -->
