<?xml version="1.0" encoding="UTF-8"?>
<!-- Generated by org.testng.reporters.JUnitReportReporter -->
<testsuite hostname="DESKTOP-0U40CAJ" failures="0" tests="2" name="kiteExcelReading.KiteTestCrossBrowser" time="12.074" errors="0" timestamp="2022-06-20T13:14:39 IST" skipped="0">
  <testcase classname="kiteExcelReading.KiteTestCrossBrowser" name="verifyKiteUserName" time="5.221"/>
  <system-out>
    <![CDATA[Validating user ID 
Expected UserID and Actual UserID are matching TC is PASSED]]>
  </system-out>
  <testcase classname="kiteExcelReading.KiteTestCrossBrowser" name="verifyKiteUserName" time="6.853"/>
  <system-out>
    <![CDATA[Validating user ID 
Expected UserID and Actual UserID are matching TC is PASSED]]>
  </system-out>
</testsuite> <!-- kiteExcelReading.KiteTestCrossBrowser -->
