<?xml version="1.0" encoding="UTF-8"?>
<!-- Generated by org.testng.reporters.JUnitReportReporter -->
<testsuite hostname="DESKTOP-0U40CAJ" failures="0" tests="1" name="serialParallelExecution.MyClass1" time="6.494" errors="0" timestamp="2022-06-14T13:43:59 IST" skipped="0">
  <testcase classname="serialParallelExecution.MyClass1" name="myMethod1" time="6.494"/>
  <system-out>
    <![CDATA[myMethod1 is running]]>
  </system-out>
</testsuite> <!-- serialParallelExecution.MyClass1 -->
