<?xml version="1.0" encoding="UTF-8"?>
<!-- Generated by org.testng.reporters.JUnitReportReporter -->
<testsuite hostname="DESKTOP-0U40CAJ" failures="0" tests="2" name="testNgStudy.AnnotationsStudy" time="0.018" errors="0" timestamp="2022-06-10T10:47:46 IST" skipped="0">
  <testcase classname="testNgStudy.AnnotationsStudy" name="myTest1" time="0.008"/>
  <system-out>
    <![CDATA[Test Method1 is running]]>
  </system-out>
  <testcase classname="testNgStudy.AnnotationsStudy" name="myTest" time="0.010"/>
  <system-out>
    <![CDATA[Test Method is running]]>
  </system-out>
</testsuite> <!-- testNgStudy.AnnotationsStudy -->
