<?xml version="1.0" encoding="UTF-8"?>
<!-- Generated by org.testng.reporters.JUnitReportReporter -->
<testsuite hostname="DESKTOP-0U40CAJ" failures="0" tests="1" name="verificationUsingTestNg.AssertEqualsAndNotEquals" time="0.012" errors="0" timestamp="2022-06-15T10:46:14 IST" skipped="0">
  <testcase classname="verificationUsingTestNg.AssertEqualsAndNotEquals" name="myMethod" time="0.012"/>
  <system-out>
    <![CDATA[Strings are not matching TC is PASSED]]>
  </system-out>
</testsuite> <!-- verificationUsingTestNg.AssertEqualsAndNotEquals -->
