<?xml version="1.0" encoding="UTF-8"?>
<!-- Generated by org.testng.reporters.JUnitReportReporter -->
<testsuite hostname="DESKTOP-0U40CAJ" failures="0" tests="2" name="testNgListener.Mumbai" time="0.002" errors="0" timestamp="2022-06-22T11:51:38 IST" skipped="0">
  <testcase classname="testNgListener.Mumbai" name="Sanpada" time="0.001"/>
  <system-out>
    <![CDATA[Sanpada TC is running
TC is sucess]]>
  </system-out>
  <testcase classname="testNgListener.Mumbai" name="ghanSoli" time="0.001"/>
  <system-out>
    <![CDATA[ghanSoli TC is running
TC is sucess]]>
  </system-out>
</testsuite> <!-- testNgListener.Mumbai -->
