<?xml version="1.0" encoding="UTF-8"?>
<!-- Generated by org.testng.reporters.JUnitReportReporter -->
<testsuite hostname="DESKTOP-0U40CAJ" failures="0" tests="4" name="testNgStudy.TestNGIntro" time="54.226" errors="0" timestamp="2022-06-09T21:04:35 IST" skipped="0">
  <testcase classname="testNgStudy.TestNGIntro" name="kiteZerodhaLogin" time="3.461"/>
  <system-out/>
  <testcase classname="testNgStudy.TestNGIntro" name="facebookLogin" time="5.876"/>
  <system-out>
    <![CDATA[Facebook Login Is passed]]>
  </system-out>
  <testcase classname="testNgStudy.TestNGIntro" name="vctcLogin" time="15.714"/>
  <system-out>
    <![CDATA[Velocity is login]]>
  </system-out>
  <testcase classname="testNgStudy.TestNGIntro" name="youtubeLogin" time="29.175"/>
  <system-out>
    <![CDATA[Youtube Login is passed]]>
  </system-out>
</testsuite> <!-- testNgStudy.TestNGIntro -->
