<?xml version="1.0" encoding="UTF-8"?>
<!-- Generated by org.testng.reporters.JUnitReportReporter -->
<testsuite hostname="DESKTOP-0U40CAJ" failures="0" tests="3" name="xmlStudy.MyClass1" time="0.011" errors="0" timestamp="2022-06-13T12:20:35 IST" skipped="0">
  <testcase classname="xmlStudy.MyClass1" name="A" time="0.006"/>
  <system-out>
    <![CDATA[A is running]]>
  </system-out>
  <testcase classname="xmlStudy.MyClass1" name="E" time="0.004"/>
  <system-out>
    <![CDATA[E is running]]>
  </system-out>
  <testcase classname="xmlStudy.MyClass1" name="C" time="0.001"/>
  <system-out>
    <![CDATA[C is running]]>
  </system-out>
</testsuite> <!-- xmlStudy.MyClass1 -->
