<?xml version="1.0" encoding="UTF-8"?>
<!-- Generated by org.testng.reporters.JUnitReportReporter -->
<testsuite hostname="DESKTOP-0U40CAJ" failures="0" tests="3" name="xmlStudy.MyTest1" time="0.004" errors="0" timestamp="2022-06-13T11:56:11 IST" skipped="0">
  <testcase classname="xmlStudy.MyTest1" name="myMethod7" time="0.002"/>
  <system-out>
    <![CDATA[my Method2 is Running]]>
  </system-out>
  <testcase classname="xmlStudy.MyTest1" name="myMethod6" time="0.000"/>
  <system-out>
    <![CDATA[my Method1 is Running]]>
  </system-out>
  <testcase classname="xmlStudy.MyTest1" name="myMethod9" time="0.002"/>
  <system-out>
    <![CDATA[my Method4 is Running]]>
  </system-out>
</testsuite> <!-- xmlStudy.MyTest1 -->
