<?xml version="1.0" encoding="UTF-8"?>
<!-- Generated by org.testng.reporters.JUnitReportReporter -->
<testsuite hostname="DESKTOP-0U40CAJ" failures="0" tests="1" name="xmlStudy.MyTest3" time="0.010" errors="0" timestamp="2022-06-14T12:41:37 IST" skipped="0">
  <testcase classname="xmlStudy.MyTest3" name="myMethod6" time="0.010"/>
  <system-out>
    <![CDATA[my Method6 regression is Running]]>
  </system-out>
</testsuite> <!-- xmlStudy.MyTest3 -->
