<?xml version="1.0" encoding="UTF-8"?>
<!-- Generated by org.testng.reporters.JUnitReportReporter -->
<testsuite hostname="DESKTOP-0U40CAJ" failures="0" tests="1" name="kiteAppTestClass.VctcTestClass" time="1.295" errors="0" timestamp="2022-06-21T14:12:12 IST" skipped="0">
  <testcase classname="kiteAppTestClass.VctcTestClass" name="ScrollPageAndTakeSS" time="1.295"/>
  <system-out/>
</testsuite> <!-- kiteAppTestClass.VctcTestClass -->
