<?xml version="1.0" encoding="UTF-8"?>
<!-- Generated by org.testng.reporters.JUnitReportReporter -->
<testsuite hostname="DESKTOP-0U40CAJ" failures="0" tests="1" name="verificationUsingTestNg.AssertTrueAndAssertFalse" time="0.012" errors="0" timestamp="2022-06-15T10:52:56 IST" skipped="0">
  <testcase classname="verificationUsingTestNg.AssertTrueAndAssertFalse" name="myMethod" time="0.012"/>
  <system-out>
    <![CDATA[value is false TC is PASSED]]>
  </system-out>
</testsuite> <!-- verificationUsingTestNg.AssertTrueAndAssertFalse -->
