<?xml version="1.0" encoding="UTF-8"?>
<!-- Generated by org.testng.reporters.JUnitReportReporter -->
<testsuite hostname="DESKTOP-0U40CAJ" failures="0" tests="2" name="xmlStudy.MyTest2" time="0.005" errors="0" timestamp="2022-06-14T12:41:37 IST" skipped="0">
  <testcase classname="xmlStudy.MyTest2" name="myMethod3" time="0.003"/>
  <system-out>
    <![CDATA[my Method3 regression is Running]]>
  </system-out>
  <testcase classname="xmlStudy.MyTest2" name="myMethod5" time="0.002"/>
  <system-out>
    <![CDATA[my Method5 regression is Running]]>
  </system-out>
</testsuite> <!-- xmlStudy.MyTest2 -->
