<?xml version="1.0" encoding="UTF-8"?>
<!-- Generated by org.testng.reporters.JUnitReportReporter -->
<testsuite hostname="DESKTOP-0U40CAJ" failures="0" tests="4" name="testNgStudy.priorityUse" time="0.017" errors="0" timestamp="2022-06-12T20:14:22 IST" skipped="0">
  <testcase classname="testNgStudy.priorityUse" name="D" time="0.001"/>
  <system-out>
    <![CDATA[D is running]]>
  </system-out>
  <testcase classname="testNgStudy.priorityUse" name="C" time="0.011"/>
  <system-out>
    <![CDATA[C is running]]>
  </system-out>
  <testcase classname="testNgStudy.priorityUse" name="B" time="0.004"/>
  <system-out>
    <![CDATA[B is running]]>
  </system-out>
  <testcase classname="testNgStudy.priorityUse" name="A" time="0.001"/>
  <system-out>
    <![CDATA[A is running]]>
  </system-out>
</testsuite> <!-- testNgStudy.priorityUse -->
