<?xml version="1.0" encoding="UTF-8"?>
<!-- Generated by org.testng.reporters.JUnitReportReporter -->
<testsuite hostname="DESKTOP-0U40CAJ" failures="0" tests="3" name="testNgKeywords.InvocationCountUse" time="0.055" errors="0" timestamp="2022-06-12T19:58:58 IST" skipped="0">
  <testcase classname="testNgKeywords.InvocationCountUse" name="myMethod" time="0.037"/>
  <system-out>
    <![CDATA[my Method is Running]]>
  </system-out>
  <testcase classname="testNgKeywords.InvocationCountUse" name="myMethod" time="0.004"/>
  <system-out>
    <![CDATA[my Method is Running]]>
  </system-out>
  <testcase classname="testNgKeywords.InvocationCountUse" name="myMethod" time="0.014"/>
  <system-out>
    <![CDATA[my Method is Running]]>
  </system-out>
</testsuite> <!-- testNgKeywords.InvocationCountUse -->
