<?xml version="1.0" encoding="UTF-8"?>
<!-- Generated by org.testng.reporters.JUnitReportReporter -->
<testsuite hostname="DESKTOP-0U40CAJ" failures="0" tests="1" name="verificationUsingTestNg.AssertNullAndAssertNotNull" time="0.011" errors="0" timestamp="2022-06-15T19:36:18 IST" skipped="0">
  <testcase classname="verificationUsingTestNg.AssertNullAndAssertNotNull" name="myMethod" time="0.011"/>
  <system-out>
    <![CDATA[value is null TC is passed]]>
  </system-out>
</testsuite> <!-- verificationUsingTestNg.AssertNullAndAssertNotNull -->
