<?xml version="1.0" encoding="UTF-8"?>
<!-- Generated by org.testng.reporters.JUnitReportReporter -->
<testsuite hostname="DESKTOP-0U40CAJ" failures="0" tests="4" name="testNgStudy.EnabledUse" time="0.012" errors="0" timestamp="2022-06-12T20:19:50 IST" skipped="1">
  <testcase classname="testNgStudy.EnabledUse" name="B" time="0.001"/>
  <system-out>
    <![CDATA[B is running]]>
  </system-out>
  <testcase classname="testNgStudy.EnabledUse" name="A" time="0.011"/>
  <system-out>
    <![CDATA[A is running]]>
  </system-out>
  <testcase classname="testNgStudy.EnabledUse" name="D" time="0.000"/>
  <system-out>
    <![CDATA[D is running]]>
  </system-out>
  <testcase classname="testNgStudy.EnabledUse" name="C">
    <skipped/>
  </testcase> <!-- C -->
  <system-out/>
</testsuite> <!-- testNgStudy.EnabledUse -->
