<?xml version="1.0" encoding="UTF-8"?>
<!-- Generated by org.testng.reporters.JUnitReportReporter -->
<testsuite hostname="DESKTOP-0U40CAJ" failures="0" tests="1" name="kiteExcelReading.KiteTestNg" time="5.583" errors="0" timestamp="2022-06-17T17:22:21 IST" skipped="0">
  <testcase classname="kiteExcelReading.KiteTestNg" name="verifyKiteUserName" time="5.583"/>
  <system-out>
    <![CDATA[Validating user ID 
Expected UserID and Actual UserID are matching TC is PASSED]]>
  </system-out>
</testsuite> <!-- kiteExcelReading.KiteTestNg -->
