<?xml version="1.0" encoding="UTF-8"?>
<!-- Generated by org.testng.reporters.JUnitReportReporter -->
<testsuite hostname="DESKTOP-0U40CAJ" failures="0" tests="1" name="kiteAppTestClass.ValidateKiteUserID" time="8.426" errors="0" timestamp="2022-06-21T11:28:27 IST" skipped="0">
  <testcase classname="kiteAppTestClass.ValidateKiteUserID" name="validateUserName" time="8.426"/>
  <system-out>
    <![CDATA[Validating user ID 
User names are matching TC is passed]]>
  </system-out>
</testsuite> <!-- kiteAppTestClass.ValidateKiteUserID -->
