<?xml version="1.0" encoding="UTF-8"?>
<!-- Generated by org.testng.reporters.JUnitReportReporter -->
<testsuite hostname="DESKTOP-0U40CAJ" failures="0" tests="3" name="xmlStudy.MyClass" time="0.011" errors="0" timestamp="2022-06-13T12:20:35 IST" skipped="0">
  <testcase classname="xmlStudy.MyClass" name="mul" time="0.001"/>
  <system-out>
    <![CDATA[Mul is running]]>
  </system-out>
  <testcase classname="xmlStudy.MyClass" name="add" time="0.009"/>
  <system-out>
    <![CDATA[Add is running]]>
  </system-out>
  <testcase classname="xmlStudy.MyClass" name="percentage" time="0.001"/>
  <system-out>
    <![CDATA[percentage is running]]>
  </system-out>
</testsuite> <!-- xmlStudy.MyClass -->
